<?xml version="1.0" encoding="UTF-8"?>
<testng-results ignored="0" total="1" passed="1" failed="0" skipped="0">
  <reporter-output>
  </reporter-output>
  <suite started-at="2023-07-06T12:59:54 IST" name="Default suite" finished-at="2023-07-06T13:00:15 IST" duration-ms="20657">
    <groups>
    </groups>
    <test started-at="2023-07-06T12:59:54 IST" name="Default test" finished-at="2023-07-06T13:00:15 IST" duration-ms="20657">
      <class name="Practice.Test1">
        <test-method signature="m1()[pri:0, instance:Practice.Test1@5f16132a]" started-at="2023-07-06T12:59:54 IST" name="m1" finished-at="2023-07-06T13:00:15 IST" duration-ms="20627" status="PASS">
          <reporter-output>
          </reporter-output>
        </test-method> <!-- m1 -->
      </class> <!-- Practice.Test1 -->
    </test> <!-- Default test -->
  </suite> <!-- Default suite -->
</testng-results>
